<?xml version="1.0" encoding="utf-8"?><testsuites><testsuite name="pytest" errors="0" failures="0" skipped="0" tests="3" time="2.113" timestamp="2026-03-12T17:12:34.079884-03:00" hostname="DESKTOP-V079CIP"><testcase classname="tests.test_contract_sentiment_api" name="test_sentiment_endpoint_retorna_200_e_contrato_valido_para_payload_valido" time="1.016" /><testcase classname="tests.test_contract_sentiment_api" name="test_sentiment_endpoint_retorna_422_para_comentario_vazio" time="0.009" /><testcase classname="tests.test_contract_sentiment_api" name="test_sentiment_endpoint_retorna_502_com_erro_padronizado_quando_upstream_falha" time="0.011" /></testsuite></testsuites>